<?xml version="1.0" encoding="UTF-8"?>
<testsuite xmlns:xsi="http://www.w3.org/2001/XMLSchema-instance" xsi:noNamespaceSchemaLocation="https://maven.apache.org/surefire/maven-surefire-plugin/xsd/surefire-test-report.xsd" name="com.MyTime.repository.ProjectRepositoryTest" time="1.361" tests="6" errors="2" skipped="0" failures="0">
  <properties>
[...]
</properties>
  <testcase name="deleteProject" classname="com.MyTime.repository.ProjectRepositoryTest" time="0.023">
    <error message="Provided id of the wrong type for class com.MyTime.entity.Project. Expected: class java.lang.Integer, got class java.lang.Long; nested exception is java.lang.IllegalArgumentException: Provided id of the wrong type for class com.MyTime.entity.Project. Expected: class java.lang.Integer, got class java.lang.Long" type="org.springframework.dao.InvalidDataAccessApiUsageException">org.springframework.dao.InvalidDataAccessApiUsageException: Provided id of the wrong type for class com.MyTime.entity.Project. Expected: class java.lang.Integer, got class java.lang.Long; nested exception is java.lang.IllegalArgumentException: Provided id of the wrong type for class com.MyTime.entity.Project. Expected: class java.lang.Integer, got class java.lang.Long
	at com.MyTime.repository.ProjectRepositoryTest.deleteProject(ProjectRepositoryTest.java:100)
Caused by: java.lang.IllegalArgumentException: Provided id of the wrong type for class com.MyTime.entity.Project. Expected: class java.lang.Integer, got class java.lang.Long
	at com.MyTime.repository.ProjectRepositoryTest.deleteProject(ProjectRepositoryTest.java:100)
Caused by: org.hibernate.TypeMismatchException: Provided id of the wrong type for class com.MyTime.entity.Project. Expected: class java.lang.Integer, got class java.lang.Long
	at com.MyTime.repository.ProjectRepositoryTest.deleteProject(ProjectRepositoryTest.java:100)
</error>
    <system-out><![CDATA[2025-07-17 14:38:51.495  INFO 18832 --- [           main] b.t.a.o.j.DataJpaTestContextBootstrapper : Neither @ContextConfiguration nor @ContextHierarchy found for test class [com.MyTime.repository.ProjectRepositoryTest], using SpringBootContextLoader
2025-07-17 14:38:51.496  INFO 18832 --- [           main] o.s.t.c.support.AbstractContextLoader    : Could not detect default resource locations for test class [com.MyTime.repository.ProjectRepositoryTest]: no resource found for suffixes {-context.xml, Context.groovy}.
2025-07-17 14:38:51.496  INFO 18832 --- [           main] t.c.s.AnnotationConfigContextLoaderUtils : Could not detect default configuration classes for test class [com.MyTime.repository.ProjectRepositoryTest]: ProjectRepositoryTest does not declare any static, non-private, non-final, nested classes annotated with @Configuration.
2025-07-17 14:38:51.501  INFO 18832 --- [           main] .b.t.c.SpringBootTestContextBootstrapper : Found @SpringBootConfiguration com.MyTime.MyTimeApplication for test class com.MyTime.repository.ProjectRepositoryTest
2025-07-17 14:38:51.502  INFO 18832 --- [           main] b.t.a.o.j.DataJpaTestContextBootstrapper : Loaded default TestExecutionListener class names from location [META-INF/spring.factories]: [org.springframework.boot.test.mock.mockito.MockitoTestExecutionListener, org.springframework.boot.test.mock.mockito.ResetMocksTestExecutionListener, org.springframework.boot.test.autoconfigure.restdocs.RestDocsTestExecutionListener, org.springframework.boot.test.autoconfigure.web.client.MockRestServiceServerResetTestExecutionListener, org.springframework.boot.test.autoconfigure.web.servlet.MockMvcPrintOnlyOnFailureTestExecutionListener, org.springframework.boot.test.autoconfigure.web.servlet.WebDriverTestExecutionListener, org.springframework.test.context.web.ServletTestExecutionListener, org.springframework.test.context.support.DirtiesContextBeforeModesTestExecutionListener, org.springframework.test.context.support.DependencyInjectionTestExecutionListener, org.springframework.test.context.support.DirtiesContextTestExecutionListener, org.springframework.test.context.transaction.TransactionalTestExecutionListener, org.springframework.test.context.jdbc.SqlScriptsTestExecutionListener, org.springframework.test.context.event.EventPublishingTestExecutionListener]
2025-07-17 14:38:51.502  INFO 18832 --- [           main] b.t.a.o.j.DataJpaTestContextBootstrapper : Using TestExecutionListeners: [org.springframework.test.context.web.ServletTestExecutionListener@1e6be9f0, org.springframework.test.context.support.DirtiesContextBeforeModesTestExecutionListener@4ff5711b, org.springframework.boot.test.mock.mockito.MockitoTestExecutionListener@608f79a8, org.springframework.boot.test.autoconfigure.SpringBootDependencyInjectionTestExecutionListener@77e2a5d3, org.springframework.test.context.support.DirtiesContextTestExecutionListener@3687f6b6, org.springframework.test.context.transaction.TransactionalTestExecutionListener@521e34d4, org.springframework.test.context.jdbc.SqlScriptsTestExecutionListener@49c74506, org.springframework.test.context.event.EventPublishingTestExecutionListener@2be9add0, org.springframework.boot.test.mock.mockito.ResetMocksTestExecutionListener@2252dc5d, org.springframework.boot.test.autoconfigure.restdocs.RestDocsTestExecutionListener@149e457, org.springframework.boot.test.autoconfigure.web.client.MockRestServiceServerResetTestExecutionListener@72557e0d, org.springframework.boot.test.autoconfigure.web.servlet.MockMvcPrintOnlyOnFailureTestExecutionListener@14b4caba, org.springframework.boot.test.autoconfigure.web.servlet.WebDriverTestExecutionListener@20305c45]
2025-07-17 14:38:51.509  INFO 18832 --- [           main] o.s.t.c.transaction.TransactionContext   : Began transaction (1) for test context [DefaultTestContext@27ca8a5a testClass = ProjectRepositoryTest, testInstance = com.MyTime.repository.ProjectRepositoryTest@62604ed4, testMethod = deleteProject@ProjectRepositoryTest, testException = [null], mergedContextConfiguration = [MergedContextConfiguration@1bfc6e50 testClass = ProjectRepositoryTest, locations = '{}', classes = '{class com.MyTime.MyTimeApplication}', contextInitializerClasses = '[]', activeProfiles = '{}', propertySourceLocations = '{}', propertySourceProperties = '{org.springframework.boot.test.autoconfigure.orm.jpa.DataJpaTestContextBootstrapper=true}', contextCustomizers = set[[ImportsContextCustomizer@4f74edbf key = [org.springframework.boot.autoconfigure.cache.CacheAutoConfiguration, org.springframework.boot.autoconfigure.data.jpa.JpaRepositoriesAutoConfiguration, org.springframework.boot.autoconfigure.flyway.FlywayAutoConfiguration, org.springframework.boot.autoconfigure.jdbc.DataSourceAutoConfiguration, org.springframework.boot.autoconfigure.jdbc.DataSourceTransactionManagerAutoConfiguration, org.springframework.boot.autoconfigure.jdbc.JdbcTemplateAutoConfiguration, org.springframework.boot.autoconfigure.liquibase.LiquibaseAutoConfiguration, org.springframework.boot.autoconfigure.orm.jpa.HibernateJpaAutoConfiguration, org.springframework.boot.autoconfigure.transaction.TransactionAutoConfiguration, org.springframework.boot.test.autoconfigure.jdbc.TestDatabaseAutoConfiguration, org.springframework.boot.test.autoconfigure.orm.jpa.TestEntityManagerAutoConfiguration]], org.springframework.boot.test.context.filter.ExcludeFilterContextCustomizer@618ad2aa, org.springframework.boot.test.json.DuplicateJsonObjectContextCustomizerFactory$DuplicateJsonObjectContextCustomizer@7fcf294e, org.springframework.boot.test.mock.mockito.MockitoContextCustomizer@0, org.springframework.boot.test.autoconfigure.OverrideAutoConfigurationContextCustomizerFactory$DisableAutoConfigurationContextCustomizer@3a5c6009, org.springframework.boot.test.autoconfigure.filter.TypeExcludeFiltersContextCustomizer@351584c0, org.springframework.boot.test.autoconfigure.properties.PropertyMappingContextCustomizer@e1b0cdff, org.springframework.boot.test.autoconfigure.web.servlet.WebDriverContextCustomizerFactory$Customizer@238bfd6c], contextLoader = 'org.springframework.boot.test.context.SpringBootContextLoader', parent = [null]], attributes = map[[empty]]]; transaction manager [org.springframework.orm.jpa.JpaTransactionManager@3638120f]; rollback [true]
Hibernate: insert into company (company_id, address, date_creation, date_expiration, es_trial, namecompany, nit, phone) values (null, ?, ?, ?, ?, ?, ?, ?)
Hibernate: insert into company (company_id, address, date_creation, date_expiration, es_trial, namecompany, nit, phone) values (null, ?, ?, ?, ?, ?, ?, ?)
Hibernate: insert into project (project_id, company_id, createddate, end_date, modifiedate, name, start_date) values (null, ?, ?, ?, ?, ?, ?)
Hibernate: insert into project (project_id, company_id, createddate, end_date, modifiedate, name, start_date) values (null, ?, ?, ?, ?, ?, ?)
2025-07-17 14:38:51.527  INFO 18832 --- [           main] o.s.t.c.transaction.TransactionContext   : Rolled back transaction for test: [DefaultTestContext@27ca8a5a testClass = ProjectRepositoryTest, testInstance = com.MyTime.repository.ProjectRepositoryTest@62604ed4, testMethod = deleteProject@ProjectRepositoryTest, testException = org.springframework.dao.InvalidDataAccessApiUsageException: Provided id of the wrong type for class com.MyTime.entity.Project. Expected: class java.lang.Integer, got class java.lang.Long; nested exception is java.lang.IllegalArgumentException: Provided id of the wrong type for class com.MyTime.entity.Project. Expected: class java.lang.Integer, got class java.lang.Long, mergedContextConfiguration = [MergedContextConfiguration@1bfc6e50 testClass = ProjectRepositoryTest, locations = '{}', classes = '{class com.MyTime.MyTimeApplication}', contextInitializerClasses = '[]', activeProfiles = '{}', propertySourceLocations = '{}', propertySourceProperties = '{org.springframework.boot.test.autoconfigure.orm.jpa.DataJpaTestContextBootstrapper=true}', contextCustomizers = set[[ImportsContextCustomizer@4f74edbf key = [org.springframework.boot.autoconfigure.cache.CacheAutoConfiguration, org.springframework.boot.autoconfigure.data.jpa.JpaRepositoriesAutoConfiguration, org.springframework.boot.autoconfigure.flyway.FlywayAutoConfiguration, org.springframework.boot.autoconfigure.jdbc.DataSourceAutoConfiguration, org.springframework.boot.autoconfigure.jdbc.DataSourceTransactionManagerAutoConfiguration, org.springframework.boot.autoconfigure.jdbc.JdbcTemplateAutoConfiguration, org.springframework.boot.autoconfigure.liquibase.LiquibaseAutoConfiguration, org.springframework.boot.autoconfigure.orm.jpa.HibernateJpaAutoConfiguration, org.springframework.boot.autoconfigure.transaction.TransactionAutoConfiguration, org.springframework.boot.test.autoconfigure.jdbc.TestDatabaseAutoConfiguration, org.springframework.boot.test.autoconfigure.orm.jpa.TestEntityManagerAutoConfiguration]], org.springframework.boot.test.context.filter.ExcludeFilterContextCustomizer@618ad2aa, org.springframework.boot.test.json.DuplicateJsonObjectContextCustomizerFactory$DuplicateJsonObjectContextCustomizer@7fcf294e, org.springframework.boot.test.mock.mockito.MockitoContextCustomizer@0, org.springframework.boot.test.autoconfigure.OverrideAutoConfigurationContextCustomizerFactory$DisableAutoConfigurationContextCustomizer@3a5c6009, org.springframework.boot.test.autoconfigure.filter.TypeExcludeFiltersContextCustomizer@351584c0, org.springframework.boot.test.autoconfigure.properties.PropertyMappingContextCustomizer@e1b0cdff, org.springframework.boot.test.autoconfigure.web.servlet.WebDriverContextCustomizerFactory$Customizer@238bfd6c], contextLoader = 'org.springframework.boot.test.context.SpringBootContextLoader', parent = [null]], attributes = map[[empty]]]
]]></system-out>
  </testcase>
  <testcase name="findByProjectId_NotFound" classname="com.MyTime.repository.ProjectRepositoryTest" time="1.277"/>
  <testcase name="saveProject" classname="com.MyTime.repository.ProjectRepositoryTest" time="0.014">
    <error message="Provided id of the wrong type for class com.MyTime.entity.Project. Expected: class java.lang.Integer, got class java.lang.Long; nested exception is java.lang.IllegalArgumentException: Provided id of the wrong type for class com.MyTime.entity.Project. Expected: class java.lang.Integer, got class java.lang.Long" type="org.springframework.dao.InvalidDataAccessApiUsageException">org.springframework.dao.InvalidDataAccessApiUsageException: Provided id of the wrong type for class com.MyTime.entity.Project. Expected: class java.lang.Integer, got class java.lang.Long; nested exception is java.lang.IllegalArgumentException: Provided id of the wrong type for class com.MyTime.entity.Project. Expected: class java.lang.Integer, got class java.lang.Long
	at com.MyTime.repository.ProjectRepositoryTest.saveProject(ProjectRepositoryTest.java:93)
Caused by: java.lang.IllegalArgumentException: Provided id of the wrong type for class com.MyTime.entity.Project. Expected: class java.lang.Integer, got class java.lang.Long
	at com.MyTime.repository.ProjectRepositoryTest.saveProject(ProjectRepositoryTest.java:93)
Caused by: org.hibernate.TypeMismatchException: Provided id of the wrong type for class com.MyTime.entity.Project. Expected: class java.lang.Integer, got class java.lang.Long
	at com.MyTime.repository.ProjectRepositoryTest.saveProject(ProjectRepositoryTest.java:93)
</error>
    <system-out><![CDATA[2025-07-17 14:38:51.558  INFO 18832 --- [           main] o.s.t.c.transaction.TransactionContext   : Began transaction (1) for test context [DefaultTestContext@27ca8a5a testClass = ProjectRepositoryTest, testInstance = com.MyTime.repository.ProjectRepositoryTest@517d68b8, testMethod = saveProject@ProjectRepositoryTest, testException = [null], mergedContextConfiguration = [MergedContextConfiguration@1bfc6e50 testClass = ProjectRepositoryTest, locations = '{}', classes = '{class com.MyTime.MyTimeApplication}', contextInitializerClasses = '[]', activeProfiles = '{}', propertySourceLocations = '{}', propertySourceProperties = '{org.springframework.boot.test.autoconfigure.orm.jpa.DataJpaTestContextBootstrapper=true}', contextCustomizers = set[[ImportsContextCustomizer@4f74edbf key = [org.springframework.boot.autoconfigure.cache.CacheAutoConfiguration, org.springframework.boot.autoconfigure.data.jpa.JpaRepositoriesAutoConfiguration, org.springframework.boot.autoconfigure.flyway.FlywayAutoConfiguration, org.springframework.boot.autoconfigure.jdbc.DataSourceAutoConfiguration, org.springframework.boot.autoconfigure.jdbc.DataSourceTransactionManagerAutoConfiguration, org.springframework.boot.autoconfigure.jdbc.JdbcTemplateAutoConfiguration, org.springframework.boot.autoconfigure.liquibase.LiquibaseAutoConfiguration, org.springframework.boot.autoconfigure.orm.jpa.HibernateJpaAutoConfiguration, org.springframework.boot.autoconfigure.transaction.TransactionAutoConfiguration, org.springframework.boot.test.autoconfigure.jdbc.TestDatabaseAutoConfiguration, org.springframework.boot.test.autoconfigure.orm.jpa.TestEntityManagerAutoConfiguration]], org.springframework.boot.test.context.filter.ExcludeFilterContextCustomizer@618ad2aa, org.springframework.boot.test.json.DuplicateJsonObjectContextCustomizerFactory$DuplicateJsonObjectContextCustomizer@7fcf294e, org.springframework.boot.test.mock.mockito.MockitoContextCustomizer@0, org.springframework.boot.test.autoconfigure.OverrideAutoConfigurationContextCustomizerFactory$DisableAutoConfigurationContextCustomizer@3a5c6009, org.springframework.boot.test.autoconfigure.filter.TypeExcludeFiltersContextCustomizer@351584c0, org.springframework.boot.test.autoconfigure.properties.PropertyMappingContextCustomizer@e1b0cdff, org.springframework.boot.test.autoconfigure.web.servlet.WebDriverContextCustomizerFactory$Customizer@238bfd6c], contextLoader = 'org.springframework.boot.test.context.SpringBootContextLoader', parent = [null]], attributes = map[[empty]]]; transaction manager [org.springframework.orm.jpa.JpaTransactionManager@3638120f]; rollback [true]
Hibernate: insert into company (company_id, address, date_creation, date_expiration, es_trial, namecompany, nit, phone) values (null, ?, ?, ?, ?, ?, ?, ?)
Hibernate: insert into company (company_id, address, date_creation, date_expiration, es_trial, namecompany, nit, phone) values (null, ?, ?, ?, ?, ?, ?, ?)
Hibernate: insert into project (project_id, company_id, createddate, end_date, modifiedate, name, start_date) values (null, ?, ?, ?, ?, ?, ?)
Hibernate: insert into project (project_id, company_id, createddate, end_date, modifiedate, name, start_date) values (null, ?, ?, ?, ?, ?, ?)
Hibernate: insert into project (project_id, company_id, createddate, end_date, modifiedate, name, start_date) values (null, ?, ?, ?, ?, ?, ?)
2025-07-17 14:38:51.575  INFO 18832 --- [           main] o.s.t.c.transaction.TransactionContext   : Rolled back transaction for test: [DefaultTestContext@27ca8a5a testClass = ProjectRepositoryTest, testInstance = com.MyTime.repository.ProjectRepositoryTest@517d68b8, testMethod = saveProject@ProjectRepositoryTest, testException = org.springframework.dao.InvalidDataAccessApiUsageException: Provided id of the wrong type for class com.MyTime.entity.Project. Expected: class java.lang.Integer, got class java.lang.Long; nested exception is java.lang.IllegalArgumentException: Provided id of the wrong type for class com.MyTime.entity.Project. Expected: class java.lang.Integer, got class java.lang.Long, mergedContextConfiguration = [MergedContextConfiguration@1bfc6e50 testClass = ProjectRepositoryTest, locations = '{}', classes = '{class com.MyTime.MyTimeApplication}', contextInitializerClasses = '[]', activeProfiles = '{}', propertySourceLocations = '{}', propertySourceProperties = '{org.springframework.boot.test.autoconfigure.orm.jpa.DataJpaTestContextBootstrapper=true}', contextCustomizers = set[[ImportsContextCustomizer@4f74edbf key = [org.springframework.boot.autoconfigure.cache.CacheAutoConfiguration, org.springframework.boot.autoconfigure.data.jpa.JpaRepositoriesAutoConfiguration, org.springframework.boot.autoconfigure.flyway.FlywayAutoConfiguration, org.springframework.boot.autoconfigure.jdbc.DataSourceAutoConfiguration, org.springframework.boot.autoconfigure.jdbc.DataSourceTransactionManagerAutoConfiguration, org.springframework.boot.autoconfigure.jdbc.JdbcTemplateAutoConfiguration, org.springframework.boot.autoconfigure.liquibase.LiquibaseAutoConfiguration, org.springframework.boot.autoconfigure.orm.jpa.HibernateJpaAutoConfiguration, org.springframework.boot.autoconfigure.transaction.TransactionAutoConfiguration, org.springframework.boot.test.autoconfigure.jdbc.TestDatabaseAutoConfiguration, org.springframework.boot.test.autoconfigure.orm.jpa.TestEntityManagerAutoConfiguration]], org.springframework.boot.test.context.filter.ExcludeFilterContextCustomizer@618ad2aa, org.springframework.boot.test.json.DuplicateJsonObjectContextCustomizerFactory$DuplicateJsonObjectContextCustomizer@7fcf294e, org.springframework.boot.test.mock.mockito.MockitoContextCustomizer@0, org.springframework.boot.test.autoconfigure.OverrideAutoConfigurationContextCustomizerFactory$DisableAutoConfigurationContextCustomizer@3a5c6009, org.springframework.boot.test.autoconfigure.filter.TypeExcludeFiltersContextCustomizer@351584c0, org.springframework.boot.test.autoconfigure.properties.PropertyMappingContextCustomizer@e1b0cdff, org.springframework.boot.test.autoconfigure.web.servlet.WebDriverContextCustomizerFactory$Customizer@238bfd6c], contextLoader = 'org.springframework.boot.test.context.SpringBootContextLoader', parent = [null]], attributes = map[[empty]]]
]]></system-out>
  </testcase>
  <testcase name="findAllProjects" classname="com.MyTime.repository.ProjectRepositoryTest" time="0.013"/>
  <testcase name="findByProjectId_Found" classname="com.MyTime.repository.ProjectRepositoryTest" time="0.014"/>
  <testcase name="findByCompanyCompanyId" classname="com.MyTime.repository.ProjectRepositoryTest" time="0.012"/>
</testsuite>